<?xml version="1.0" encoding="utf-8"?><testsuites name="pytest tests"><testsuite name="pytest" errors="0" failures="0" skipped="0" tests="21" time="6.980" timestamp="2026-04-23T07:36:31.178758+00:00" hostname="agent-env-3a2d5469-8baf-44ed-8e40-7888bf6cf81b"><testcase classname="backend.tests.backend_test.TestRoot" name="test_root" time="0.184" /><testcase classname="backend.tests.backend_test.TestWeather" name="test_weather_kolkata_live" time="1.112" /><testcase classname="backend.tests.backend_test.TestWeather" name="test_weather_mumbai" time="1.036" /><testcase classname="backend.tests.backend_test.TestWeather" name="test_weather_city_not_found" time="0.579" /><testcase classname="backend.tests.backend_test.TestMarket" name="test_market_english" time="0.048" /><testcase classname="backend.tests.backend_test.TestMarket" name="test_market_hindi" time="0.050" /><testcase classname="backend.tests.backend_test.TestFeed" name="test_feed_juvenile" time="0.048" /><testcase classname="backend.tests.backend_test.TestFeed" name="test_feed_invalid" time="0.046" /><testcase classname="backend.tests.backend_test.TestDiagnosis" name="test_diag_low_oxygen" time="0.048" /><testcase classname="backend.tests.backend_test.TestDiagnosis" name="test_diag_white_spot" time="0.047" /><testcase classname="backend.tests.backend_test.TestDiagnosis" name="test_diag_marathi" time="0.048" /><testcase classname="backend.tests.backend_test.TestFAQ" name="test_faq_list_en" time="0.045" /><testcase classname="backend.tests.backend_test.TestChat" name="test_chat_weather_mumbai" time="1.031" /><testcase classname="backend.tests.backend_test.TestChat" name="test_chat_rain_nashik" time="0.994" /><testcase classname="backend.tests.backend_test.TestChat" name="test_chat_market_hindi" time="0.052" /><testcase classname="backend.tests.backend_test.TestChat" name="test_chat_diagnosis_hindi" time="0.045" /><testcase classname="backend.tests.backend_test.TestChat" name="test_chat_market_marathi" time="0.047" /><testcase classname="backend.tests.backend_test.TestChat" name="test_chat_feed_override" time="0.046" /><testcase classname="backend.tests.backend_test.TestChat" name="test_chat_faq" time="0.046" /><testcase classname="backend.tests.backend_test.TestChat" name="test_chat_fallback" time="0.049" /><testcase classname="backend.tests.backend_test.TestChatHistory" name="test_multi_message_persistence" time="1.188" /></testsuite></testsuites>